2021-08-06 03:58:30,358 - instabot version: 0.117.0 (bot) - INFO - Instabot version: 0.117.0 Started
2021-08-06 03:58:30,358 - instabot version: 0.117.0 (bot) - DEBUG - Bot imported from C:\Users\hrkadmin\AppData\Local\Programs\Python\Python39\lib\site-packages\instabot\bot\bot.py
2021-08-06 03:58:30,359 - instabot version: 0.117.0 (api_login) - INFO - Not yet logged in starting: PRE-LOGIN FLOW!
2021-08-06 03:58:30,768 - instabot version: 0.117.0 (api) - DEBUG - POST to endpoint: accounts/get_prefill_candidates/ returned response: <Response [200]>
2021-08-06 03:58:31,093 - instabot version: 0.117.0 (api) - DEBUG - POST to endpoint: qe/sync/ returned response: <Response [200]>
2021-08-06 03:58:31,426 - instabot version: 0.117.0 (api) - DEBUG - POST to endpoint: launcher/sync/ returned response: <Response [200]>
2021-08-06 03:58:31,748 - instabot version: 0.117.0 (api) - DEBUG - POST to endpoint: accounts/contact_point_prefill/ returned response: <Response [200]>
2021-08-06 03:58:34,134 - instabot version: 0.117.0 (api) - DEBUG - POST to endpoint: accounts/login/ returned response: <Response [200]>
2021-08-06 03:58:34,134 - instabot version: 0.117.0 (api) - INFO - Logged-in successfully as 'platonicadmiration'!
2021-08-06 03:58:34,134 - instabot version: 0.117.0 (api_login) - INFO - LOGIN FLOW! Just logged-in: True
2021-08-06 03:58:34,548 - instabot version: 0.117.0 (api) - DEBUG - POST to endpoint: qe/sync/ returned response: <Response [200]>
2021-08-06 03:58:34,965 - instabot version: 0.117.0 (api) - DEBUG - POST to endpoint: launcher/sync/ returned response: <Response [200]>
2021-08-06 03:58:35,318 - instabot version: 0.117.0 (api) - DEBUG - GET to endpoint: zr/token/result/?device_id=android-3105c9fdd8fa37a4&token_hash=&custom_device_id=android-3105c9fdd8fa37a4&fetch_reason=token_expired returned response: <Response [200]>
2021-08-06 03:58:36,236 - instabot version: 0.117.0 (api) - DEBUG - GET to endpoint: multiple_accounts/get_account_family/ returned response: <Response [200]>
2021-08-06 03:58:36,624 - instabot version: 0.117.0 (api) - DEBUG - POST to endpoint: qe/sync/ returned response: <Response [200]>
2021-08-06 03:58:37,279 - instabot version: 0.117.0 (api) - DEBUG - GET to endpoint: igtv/browse_feed/?prefetch=1 returned response: <Response [200]>
2021-08-06 03:58:37,671 - instabot version: 0.117.0 (api) - DEBUG - POST to endpoint: creatives/ar_class/ returned response: <Response [200]>
2021-08-06 03:58:38,111 - instabot version: 0.117.0 (api) - DEBUG - POST to endpoint: feed/reels_tray/ returned response: <Response [200]>
2021-08-06 03:58:40,876 - instabot version: 0.117.0 (api) - DEBUG - POST to endpoint: feed/timeline/ returned response: <Response [200]>
2021-08-06 03:58:41,274 - instabot version: 0.117.0 (api) - DEBUG - GET to endpoint: media/blocked/ returned response: <Response [200]>
2021-08-06 03:58:42,504 - instabot version: 0.117.0 (api) - DEBUG - GET to endpoint: news/inbox/ returned response: <Response [200]>
2021-08-06 03:58:42,931 - instabot version: 0.117.0 (api) - DEBUG - GET to endpoint: loom/fetch_config/ returned response: <Response [200]>
2021-08-06 03:58:43,405 - instabot version: 0.117.0 (api) - DEBUG - GET to endpoint: scores/bootstrap/users/?surfaces=["autocomplete_user_list","coefficient_besties_list_ranking","coefficient_rank_recipient_user_suggestion","coefficient_ios_section_test_bootstrap_ranking","coefficient_direct_recipients_ranking_variant_2"] returned response: <Response [200]>
2021-08-06 03:58:43,800 - instabot version: 0.117.0 (api) - DEBUG - GET to endpoint: business/eligibility/get_monetization_products_eligibility_data/?product_types=branded_content returned response: <Response [200]>
2021-08-06 03:58:44,194 - instabot version: 0.117.0 (api) - DEBUG - GET to endpoint: business/branded_content/should_require_professional_account/ returned response: <Response [200]>
2021-08-06 03:58:44,585 - instabot version: 0.117.0 (api) - DEBUG - GET to endpoint: linked_accounts/get_linkage_status/ returned response: <Response [200]>
2021-08-06 03:58:44,962 - instabot version: 0.117.0 (api) - DEBUG - GET to endpoint: locations/request_country/ returned response: <Response [200]>
2021-08-06 03:58:45,340 - instabot version: 0.117.0 (api) - DEBUG - GET to endpoint: qp/get_cooldowns/?signed_body=signed_body=4b9c516a5410a3bc128e09c6104a7f042146b9c2023870560c63a43a7f66781c.4&ig_sig_key_version=4&ig_sig_key_version=4 returned response: <Response [200]>
2021-08-06 03:58:45,712 - instabot version: 0.117.0 (api) - DEBUG - GET to endpoint: users/arlink_download_info/?version_override=2.2.1 returned response: <Response [200]>
2021-08-06 03:58:46,480 - instabot version: 0.117.0 (api) - DEBUG - GET to endpoint: users/33046681558/info/ returned response: <Response [200]>
2021-08-06 03:58:47,127 - instabot version: 0.117.0 (api) - DEBUG - GET to endpoint: direct_v2/get_presence/ returned response: <Response [200]>
2021-08-06 03:58:47,726 - instabot version: 0.117.0 (api) - DEBUG - GET to endpoint: direct_v2/inbox/?visual_message_return_type=unseen&thread_message_limit=10&persistentBadging=true&limit=20 returned response: <Response [200]>
2021-08-06 03:58:48,134 - instabot version: 0.117.0 (api) - DEBUG - GET to endpoint: direct_v2/inbox/?visual_message_return_type=unseen&persistentBadging=true&limit=0 returned response: <Response [200]>
2021-08-06 03:58:48,573 - instabot version: 0.117.0 (api) - DEBUG - GET to endpoint: discover/topical_explore/?is_prefetch=true&omit_cover_media=true&use_sectional_payload=true&timezone_offset=0&session_id=0dc334ba-f870-4471-af29-e1546ec1589a&include_fixed_destinations=true returned response: <Response [200]>
2021-08-06 03:58:49,327 - instabot version: 0.117.0 (api) - DEBUG - POST to endpoint: notifications/badge/ returned response: <Response [200]>
2021-08-06 03:58:49,884 - instabot version: 0.117.0 (api) - DEBUG - POST to endpoint: qp/batch_fetch/ returned response: <Response [200]>
2021-08-06 03:58:49,897 - instabot version: 0.117.0 (bot_checkpoint) - DEBUG - Loading Checkpoint file from: k:\Projects\InstaReach/config/platonicadmiration.checkpoint
2021-08-06 03:59:12,213 - instabot version: 0.117.0 (api) - DEBUG - POST to endpoint: media/configure/? returned response: <Response [200]>
2021-08-06 03:59:12,632 - instabot version: 0.117.0 (api) - DEBUG - POST to endpoint: qe/expose/ returned response: <Response [200]>
2021-08-06 03:59:12,637 - instabot version: 0.117.0 (bot_photo) - INFO - Photo 'K:\Projects\Auto Download Unsplash\Images\Motivational\jon-tyson-XzUMBNmQro0-unsplash.jpg' is uploaded.
2021-08-06 03:59:12,638 - instabot version: 0.117.0 (bot_checkpoint) - DEBUG - Saving Checkpoint file to: k:\Projects\InstaReach/config/platonicadmiration.checkpoint
2021-08-06 03:59:12,644 - instabot version: 0.117.0 (bot) - INFO - Total requests: 33
