2021-08-06 04:43:49,089 - instabot version: 0.117.0 (bot) - INFO - Instabot version: 0.117.0 Started
2021-08-06 04:43:49,089 - instabot version: 0.117.0 (bot) - DEBUG - Bot imported from C:\Users\hrkadmin\AppData\Local\Programs\Python\Python39\lib\site-packages\instabot\bot\bot.py
2021-08-06 04:43:49,100 - instabot version: 0.117.0 (api_login) - DEBUG - Loading cookies
2021-08-06 04:43:49,100 - instabot version: 0.117.0 (api_login) - DEBUG - Loading uuids
2021-08-06 04:43:49,100 - instabot version: 0.117.0 (api_login) - INFO - Recovery from k:\Projects\InstaReach/config/platonicadmiration_uuid_and_cookie.json: COOKIE True - UUIDs True - TIMING, DEVICE and ...
- user-agent=Instagram 117.0.0.28.123 Android (28/9.0; 420dpi; 1080x1920; OnePlus; ONEPLUS A3003; OnePlus3; qcom; en_US; 180322800)
- phone_id=695978f2-e634-4093-ac07-8ef7b949ba4f
- uuid=6c1c035f-915c-43ac-874e-9407eb77e740
- client_session_id=0dc334ba-f870-4471-af29-e1546ec1589a
- device_id=android-3105c9fdd8fa37a4
2021-08-06 04:43:49,101 - instabot version: 0.117.0 (api_login) - INFO - LOGIN FLOW! Just logged-in: False
2021-08-06 04:43:53,611 - instabot version: 0.117.0 (api) - DEBUG - POST to endpoint: feed/timeline/ returned response: <Response [200]>
2021-08-06 04:43:54,103 - instabot version: 0.117.0 (api) - DEBUG - POST to endpoint: feed/reels_tray/ returned response: <Response [200]>
2021-08-06 04:43:54,859 - instabot version: 0.117.0 (api) - DEBUG - POST to endpoint: direct_v2/ranked_recipients/ returned response: <Response [200]>
2021-08-06 04:43:55,275 - instabot version: 0.117.0 (api) - DEBUG - POST to endpoint: direct_v2/ranked_recipients/ returned response: <Response [200]>
2021-08-06 04:43:55,863 - instabot version: 0.117.0 (api) - DEBUG - POST to endpoint: direct_v2/inbox/ returned response: <Response [200]>
2021-08-06 04:43:56,428 - instabot version: 0.117.0 (api) - DEBUG - GET to endpoint: direct_v2/get_presence/ returned response: <Response [200]>
2021-08-06 04:43:57,568 - instabot version: 0.117.0 (api) - DEBUG - GET to endpoint: news/inbox/?limited_activity=true&show_su=true returned response: <Response [200]>
2021-08-06 04:43:57,953 - instabot version: 0.117.0 (api) - DEBUG - GET to endpoint: users/profile_notice/ returned response: <Response [200]>
2021-08-06 04:43:59,553 - instabot version: 0.117.0 (api) - DEBUG - POST to endpoint: discover/explore/ returned response: <Response [200]>
2021-08-06 04:43:59,565 - instabot version: 0.117.0 (api) - INFO - Logged-in successfully as 'platonicadmiration'!
2021-08-06 04:43:59,565 - instabot version: 0.117.0 (bot_checkpoint) - DEBUG - Loading Checkpoint file from: k:\Projects\InstaReach/config/platonicadmiration.checkpoint
2021-08-06 04:44:21,869 - instabot version: 0.117.0 (api) - DEBUG - POST to endpoint: media/configure/? returned response: <Response [200]>
2021-08-06 04:44:22,269 - instabot version: 0.117.0 (api) - DEBUG - POST to endpoint: qe/expose/ returned response: <Response [200]>
2021-08-06 04:44:22,276 - instabot version: 0.117.0 (bot_photo) - INFO - Photo 'K:\Projects\Auto Download Unsplash\Images\Motivational\hello-i-m-nik-z1d-LP8sjuI-unsplash.jpg' is uploaded.
2021-08-06 04:44:22,281 - instabot version: 0.117.0 (bot_checkpoint) - DEBUG - Saving Checkpoint file to: k:\Projects\InstaReach/config/platonicadmiration.checkpoint
2021-08-06 04:44:22,287 - instabot version: 0.117.0 (bot) - INFO - Total requests: 39
