2021-08-06 05:13:27,879 - instabot version: 0.117.0 (bot) - INFO - Instabot version: 0.117.0 Started
2021-08-06 05:13:27,880 - instabot version: 0.117.0 (bot) - DEBUG - Bot imported from C:\Users\hrkadmin\AppData\Local\Programs\Python\Python39\lib\site-packages\instabot\bot\bot.py
2021-08-06 05:13:27,899 - instabot version: 0.117.0 (api_login) - DEBUG - Loading cookies
2021-08-06 05:13:27,900 - instabot version: 0.117.0 (api_login) - DEBUG - Loading uuids
2021-08-06 05:13:27,900 - instabot version: 0.117.0 (api_login) - INFO - Recovery from k:\Projects\InstaReach\InstaUpload/config/platonicadmiration_uuid_and_cookie.json: COOKIE True - UUIDs True - TIMING, DEVICE and ...
- user-agent=Instagram 117.0.0.28.123 Android (28/9.0; 420dpi; 1080x1920; OnePlus; ONEPLUS A3003; OnePlus3; qcom; en_US; 180322800)
- phone_id=695978f2-e634-4093-ac07-8ef7b949ba4f
- uuid=6c1c035f-915c-43ac-874e-9407eb77e740
- client_session_id=9b1573da-c92b-4705-a6ca-47c90584b407
- device_id=android-3105c9fdd8fa37a4
2021-08-06 05:13:27,901 - instabot version: 0.117.0 (api_login) - INFO - LOGIN FLOW! Just logged-in: False
2021-08-06 05:13:33,670 - instabot version: 0.117.0 (api) - DEBUG - POST to endpoint: feed/timeline/ returned response: <Response [200]>
2021-08-06 05:13:34,154 - instabot version: 0.117.0 (api) - DEBUG - POST to endpoint: feed/reels_tray/ returned response: <Response [200]>
2021-08-06 05:13:34,171 - instabot version: 0.117.0 (api) - INFO - Logged-in successfully as 'platonicadmiration'!
2021-08-06 05:13:34,171 - instabot version: 0.117.0 (bot_checkpoint) - DEBUG - Loading Checkpoint file from: k:\Projects\InstaReach\InstaUpload/config/platonicadmiration.checkpoint
2021-08-06 05:13:57,956 - instabot version: 0.117.0 (api) - DEBUG - POST to endpoint: media/configure/? returned response: <Response [200]>
2021-08-06 05:13:58,318 - instabot version: 0.117.0 (api) - DEBUG - POST to endpoint: qe/expose/ returned response: <Response [200]>
2021-08-06 05:13:58,330 - instabot version: 0.117.0 (bot_photo) - INFO - Photo 'K:\Projects\Auto Download Unsplash\Images\Motivational\artem-bryzgalov-OGfXZo-Jyyg-unsplash.jpg' is uploaded.
2021-08-06 05:13:58,337 - instabot version: 0.117.0 (bot_checkpoint) - DEBUG - Saving Checkpoint file to: k:\Projects\InstaReach\InstaUpload/config/platonicadmiration.checkpoint
2021-08-06 05:13:58,345 - instabot version: 0.117.0 (bot) - INFO - Total requests: 47
