2021-08-06 07:15:41,683 - instabot version: 0.117.0 (bot) - INFO - Instabot version: 0.117.0 Started
2021-08-06 07:15:41,684 - instabot version: 0.117.0 (bot) - DEBUG - Bot imported from C:\Users\hrkadmin\AppData\Local\Programs\Python\Python39\lib\site-packages\instabot\bot\bot.py
2021-08-06 07:15:41,686 - instabot version: 0.117.0 (api_login) - DEBUG - Loading cookies
2021-08-06 07:15:41,686 - instabot version: 0.117.0 (api_login) - DEBUG - Loading uuids
2021-08-06 07:15:41,686 - instabot version: 0.117.0 (api_login) - INFO - Recovery from k:\Projects\InstaReach\InstaUpload/config/platonicadmiration_uuid_and_cookie.json: COOKIE True - UUIDs True - TIMING, DEVICE and ...
- user-agent=Instagram 117.0.0.28.123 Android (28/9.0; 420dpi; 1080x1920; OnePlus; ONEPLUS A3003; OnePlus3; qcom; en_US; 180322800)
- phone_id=695978f2-e634-4093-ac07-8ef7b949ba4f
- uuid=6c1c035f-915c-43ac-874e-9407eb77e740
- client_session_id=78c15d0f-d258-40bc-a09c-65f6febb2167
- device_id=android-3105c9fdd8fa37a4
2021-08-06 07:15:41,688 - instabot version: 0.117.0 (api_login) - INFO - LOGIN FLOW! Just logged-in: False
2021-08-06 07:15:45,275 - instabot version: 0.117.0 (api) - DEBUG - POST to endpoint: feed/timeline/ returned response: <Response [200]>
2021-08-06 07:15:45,677 - instabot version: 0.117.0 (api) - DEBUG - POST to endpoint: feed/reels_tray/ returned response: <Response [200]>
2021-08-06 07:15:45,695 - instabot version: 0.117.0 (api) - INFO - Logged-in successfully as 'platonicadmiration'!
2021-08-06 07:15:45,695 - instabot version: 0.117.0 (bot_checkpoint) - DEBUG - Loading Checkpoint file from: k:\Projects\InstaReach\InstaUpload/config/platonicadmiration.checkpoint
2021-08-06 07:16:11,279 - instabot version: 0.117.0 (api) - DEBUG - POST to endpoint: media/configure/? returned response: <Response [200]>
2021-08-06 07:16:11,585 - instabot version: 0.117.0 (api) - DEBUG - POST to endpoint: qe/expose/ returned response: <Response [200]>
2021-08-06 07:16:11,590 - instabot version: 0.117.0 (bot_photo) - INFO - Photo 'K:\Projects\Auto Download Unsplash\Images\Motivational\pexels-anna-tarazevich-6230973 (1).jpg' is uploaded.
2021-08-06 07:16:14,682 - instabot version: 0.117.0 (api_photo) - ERROR - Photo does not have a compatible photo aspect ratio.
2021-08-06 07:16:14,683 - instabot version: 0.117.0 (bot_photo) - INFO - Photo 'K:\Projects\Auto Download Unsplash\Images\Motivational\pexels-fotografierende-1721092.jpg' is not uploaded.
2021-08-06 07:16:41,380 - instabot version: 0.117.0 (api) - DEBUG - POST to endpoint: media/configure/? returned response: <Response [200]>
2021-08-06 07:16:41,672 - instabot version: 0.117.0 (api) - DEBUG - POST to endpoint: qe/expose/ returned response: <Response [200]>
2021-08-06 07:16:41,676 - instabot version: 0.117.0 (bot_photo) - INFO - Photo 'K:\Projects\Auto Download Unsplash\Images\Motivational\fab-lentz-mRMQwK513hY-unsplash.jpg' is uploaded.
2021-08-06 07:16:44,153 - instabot version: 0.117.0 (api_photo) - ERROR - Photo does not have a compatible photo aspect ratio.
2021-08-06 07:16:44,154 - instabot version: 0.117.0 (bot_photo) - INFO - Photo 'K:\Projects\Auto Download Unsplash\Images\Motivational\pexels-ivan-bertolazzi-2681319.jpg' is not uploaded.
2021-08-06 07:16:45,027 - instabot version: 0.117.0 (api_photo) - ERROR - Photo does not have a compatible photo aspect ratio.
2021-08-06 07:16:45,028 - instabot version: 0.117.0 (bot_photo) - INFO - Photo 'K:\Projects\Auto Download Unsplash\Images\Motivational\pexels-nadi-lindsay-3078831.jpg' is not uploaded.
2021-08-06 07:16:47,766 - instabot version: 0.117.0 (api_photo) - ERROR - Photo does not have a compatible photo aspect ratio.
2021-08-06 07:16:47,766 - instabot version: 0.117.0 (bot_photo) - INFO - Photo 'K:\Projects\Auto Download Unsplash\Images\Motivational\pexels-olya-kobruseva-5246429.jpg' is not uploaded.
2021-08-06 07:16:47,772 - instabot version: 0.117.0 (bot_checkpoint) - DEBUG - Saving Checkpoint file to: k:\Projects\InstaReach\InstaUpload/config/platonicadmiration.checkpoint
2021-08-06 07:16:47,777 - instabot version: 0.117.0 (bot) - INFO - Total requests: 57
